#
# A fatal error has been detected by the Java Runtime Environment:
#
#  EXCEPTION_ACCESS_VIOLATION (0xc0000005) at pc=0x000001e8d325879e, pid=3848, tid=11372
#
# JRE version: OpenJDK Runtime Environment Temurin-17.0.10+7 (17.0.10+7) (build 17.0.10+7)
# Java VM: OpenJDK 64-Bit Server VM Temurin-17.0.10+7 (17.0.10+7, mixed mode, tiered, compressed oops, compressed class ptrs, parallel gc, windows-amd64)
# Problematic frame:
# J 1054 c1 java.io.DataInputStream.readByte()B java.base@17.0.10 (6 bytes) @ 0x000001e8d325879e [0x000001e8d3258660+0x000000000000013e]
#
# No core dump will be written. Minidumps are not enabled by default on client versions of Windows
#
# If you would like to submit a bug report, please visit:
#   https://github.com/adoptium/adoptium-support/issues
#

---------------  S U M M A R Y ------------

Command Line: --add-modules=ALL-SYSTEM --add-opens=java.base/java.util=ALL-UNNAMED --add-opens=java.base/java.lang=ALL-UNNAMED --add-opens=java.base/sun.nio.fs=ALL-UNNAMED -Declipse.application=org.eclipse.jdt.ls.core.id1 -Dosgi.bundles.defaultStartLevel=4 -Declipse.product=org.eclipse.jdt.ls.core.product -Djava.import.generatesMetadataFilesAtProjectRoot=false -DDetectVMInstallationsJob.disabled=true -Dfile.encoding=utf8 -XX:+UseParallelGC -XX:GCTimeRatio=4 -XX:AdaptiveSizePolicyWeight=90 -Dsun.zip.disableMemoryMapping=true -Xmx1G -Xms100m -Xlog:disable -javaagent:c:\Users\Toby\.vscode\extensions\redhat.java-1.30.0-win32-x64\lombok\lombok-1.18.32.jar -XX:+HeapDumpOnOutOfMemoryError -XX:HeapDumpPath=c:\Users\Toby\AppData\Roaming\Code\User\workspaceStorage\c8add763341c03047d13d90103686024\redhat.java -Daether.dependencyCollector.impl=bf c:\Users\Toby\.vscode\extensions\redhat.java-1.30.0-win32-x64\server\plugins\org.eclipse.equinox.launcher_1.6.800.v20240330-1250.jar -configuration c:\Users\Toby\AppData\Roaming\Code\User\globalStorage\redhat.java\1.30.0\config_win -data c:\Users\Toby\AppData\Roaming\Code\User\workspaceStorage\c8add763341c03047d13d90103686024\redhat.java\jdt_ws --pipe=\\.\pipe\lsp-2d417aed88dc5cd21e2ba4ef8d484b43-sock

Host: AMD Ryzen 7 3700U with Radeon Vega Mobile Gfx  , 8 cores, 9G,  Windows 10 , 64 bit Build 19041 (10.0.19041.3636)
Time: Mon May 27 23:24:07 2024 Hora estándar de Argentina elapsed time: 0.932781 seconds (0d 0h 0m 0s)

---------------  T H R E A D  ---------------

Current thread (0x000001e8cec00320):  JavaThread "main" [_thread_in_Java, id=11372, stack(0x000000c332000000,0x000000c332100000)]

Stack: [0x000000c332000000,0x000000c332100000],  sp=0x000000c3320fe0b0,  free space=1016k
Native frames: (J=compiled Java code, j=interpreted, Vv=VM code, C=native code)
C  0x000001e8d325879e

The last pc belongs to nmethod (printed below).

siginfo: EXCEPTION_ACCESS_VIOLATION (0xc0000005), writing address 0x00000000e59fb3ea


Registers:
RAX=0x00000000e59fb430, RBX=0x0000000000000001, RCX=0x00000000eab938a8, RDX=0x00000000eab938c8
RSP=0x000000c3320fe0b0, RBP=0x000000c3320fe158, RSI=0x0000000100068428, RDI=0x0000000000000001
R8 =0x00000000eab938c8, R9 =0x00000000eab938f0, R10=0x0000000000000001, R11=0x0000000000002000
R12=0x0000000000000000, R13=0x000000c3320fe108, R14=0x000000c3320fe1a8, R15=0x000001e8cec00320
RIP=0x000001e8d325879e, EFLAGS=0x0000000000010217


Register to memory mapping:

RIP=0x000001e8d325879e is at entry_point+318 in (nmethod*)0x000001e8d3258490
Compiled method (c1)     936 1054       3       java.io.DataInputStream::readByte (6 bytes)
 total in heap  [0x000001e8d3258490,0x000001e8d3258a58] = 1480
 relocation     [0x000001e8d32585e8,0x000001e8d3258648] = 96
 main code      [0x000001e8d3258660,0x000001e8d3258900] = 672
 stub code      [0x000001e8d3258900,0x000001e8d3258958] = 88
 metadata       [0x000001e8d3258958,0x000001e8d3258970] = 24
 scopes data    [0x000001e8d3258970,0x000001e8d32589b0] = 64
 scopes pcs     [0x000001e8d32589b0,0x000001e8d3258a40] = 144
 dependencies   [0x000001e8d3258a40,0x000001e8d3258a48] = 8
 nul chk table  [0x000001e8d3258a48,0x000001e8d3258a58] = 16
RAX=0x00000000e59fb430 is an unallocated location in the heap
RBX=0x0000000000000001 is an unknown value
RCX=0x00000000eab938a8 is an oop: java.io.DataInputStream 
{0x00000000eab938a8} - klass: 'java/io/DataInputStream'
 - ---- fields (total size 4 words):
 - protected volatile 'in' 'Ljava/io/InputStream;' @12  a 'java/io/BufferedInputStream'{0x00000000eab938c8} (eab938c8)
 - private 'bytearr' '[B' @16  [B{0x00000000eac49a60} (eac49a60)
 - private 'chararr' '[C' @20  [C{0x00000000eac4a700} (eac4a700)
 - private final 'readBuffer' '[B' @24  [B{0x00000000eab95a10} (eab95a10)
 - private 'lineBuffer' '[C' @28  NULL (0)
RDX=0x00000000eab938c8 is an oop: java.io.BufferedInputStream 
{0x00000000eab938c8} - klass: 'java/io/BufferedInputStream'
 - ---- fields (total size 5 words):
 - protected volatile 'in' 'Ljava/io/InputStream;' @12  a 'java/io/FileInputStream'{0x00000000eab907f0} (eab907f0)
 - protected 'count' 'I' @16  8192 (2000)
 - protected 'pos' 'I' @20  1217 (4c1)
 - protected 'markpos' 'I' @24  -1 (ffffffff)
 - protected 'marklimit' 'I' @28  0
 - protected volatile 'buf' '[B' @32  [B{0x00000000eab938f0} (eab938f0)
RSP=0x000000c3320fe0b0 is pointing into the stack for thread: 0x000001e8cec00320
RBP=0x000000c3320fe158 is pointing into the stack for thread: 0x000001e8cec00320
RSI=0x0000000100068428 is a pointer to class: 
java.io.BufferedInputStream {0x0000000100068430}
 - instance size:     5
 - klass size:        86
 - access:            public synchronized 
 - state:             fully_initialized
 - name:              'java/io/BufferedInputStream'
 - super:             'java/io/FilterInputStream'
 - sub:               
 - arrays:            NULL
 - methods:           Array<T>(0x000001e8e519f260)
 - method ordering:   Array<T>(0x000001e8e5000018)
 - default_methods:   Array<T>(0x0000000000000000)
 - local interfaces:  Array<T>(0x000001e8e5000058)
 - trans. interfaces: Array<T>(0x000001e8e50b7590)
 - constants:         constant pool [132] {0x000001e8e519ed40} for 'java/io/BufferedInputStream' cache=0x000001e8e51a0850
 - class loader data:  loader data: 0x000001e8cec1e350 of 'bootstrap'
 - class annotations:       Array<T>(0x0000000000000000)
 - class type annotations:  Array<T>(0x0000000000000000)
 - field annotations:       Array<T>(0x0000000000000000)
 - field type annotations:  Array<T>(0x0000000000000000)
 - inner classes:     Array<T>(0x000001e8e5000028)
 - nest members:     Array<T>(0x000001e8e5000028)
 - permitted subclasses:     Array<T>(0x000001e8e5000028)
 - java mirror:       a 'java/lang/Class'{0x00000000ec440560} = 'java/io/BufferedInputStream'
 - vtable length      19  (start addr: 0x00000001000685f0)
 - itable length      8 (start addr: 0x0000000100068688)
 - ---- static fields (3 words):
 - private static 'DEFAULT_BUFFER_SIZE' 'I' @128 
 - private static final 'U' 'Ljdk/internal/misc/Unsafe;' @112 
 - private static final 'BUF_OFFSET' 'J' @120 
 - ---- non-static fields (6 words):
 - protected volatile 'in' 'Ljava/io/InputStream;' @12 
 - protected 'count' 'I' @16 
 - protected 'pos' 'I' @20 
 - protected 'markpos' 'I' @24 
 - protected 'marklimit' 'I' @28 
 - protected volatile 'buf' '[B' @32 
 - non-static oop maps: 12-12 32-32 
RDI=0x0000000000000001 is an unknown value
R8 =0x00000000eab938c8 is an oop: java.io.BufferedInputStream 
{0x00000000eab938c8} - klass: 'java/io/BufferedInputStream'
 - ---- fields (total size 5 words):
 - protected volatile 'in' 'Ljava/io/InputStream;' @12  a 'java/io/FileInputStream'{0x00000000eab907f0} (eab907f0)
 - protected 'count' 'I' @16  8192 (2000)
 - protected 'pos' 'I' @20  1217 (4c1)
 - protected 'markpos' 'I' @24  -1 (ffffffff)
 - protected 'marklimit' 'I' @28  0
 - protected volatile 'buf' '[B' @32  [B{0x00000000eab938f0} (eab938f0)
R9 =0x00000000eab938f0 is an oop: [B 
{0x00000000eab938f0} - klass: {type array byte}
 - length: 8192
R10=0x0000000000000001 is an unknown value
R11=0x0000000000002000 is an unknown value
R12=0x0 is NULL
R13=0x000000c3320fe108 is pointing into the stack for thread: 0x000001e8cec00320
R14=0x000000c3320fe1a8 is pointing into the stack for thread: 0x000001e8cec00320
R15=0x000001e8cec00320 is a thread


Top of Stack: (sp=0x000000c3320fe0b0)
0x000000c3320fe0b0:   00000000ec403f18 000001e8e58509a8
0x000000c3320fe0c0:   0000000000000000 000000c3320fe0e0
0x000000c3320fe0d0:   000000c3320fe158 000001e8da5c94ec
0x000000c3320fe0e0:   00000000eae95c08 00000000000000c9
0x000000c3320fe0f0:   000000c3320fe158 000001e8da5c9600
0x000000c3320fe100:   000001e8da5c9600 00000000eab938a8
0x000000c3320fe110:   000000c3320fe110 000001e8e5a4aa19
0x000000c3320fe120:   000000c3320fe1a8 000001e8e5a4b4e8
0x000000c3320fe130:   0000000000000000 00000000eae86b18
0x000000c3320fe140:   000001e8e5a4ab08 000000c3320fe108
0x000000c3320fe150:   000000c3320fe198 000000c3320fe1f8
0x000000c3320fe160:   000001e8da5c9645 0000000000000000
0x000000c3320fe170:   0000000000000000 0000000000000000
0x000000c3320fe180:   0000000000000000 0000000000000000
0x000000c3320fe190:   0000000000000000 0000000000000000
0x000000c3320fe1a0:   00000000eae89a28 00000000eab938a8
0x000000c3320fe1b0:   000000c3320fe1b0 000001e8e5a4a893
0x000000c3320fe1c0:   000000c3320fe218 000001e8e5a4b4e8
0x000000c3320fe1d0:   0000000000000000 00000000eae86b18
0x000000c3320fe1e0:   000001e8e5a4a8d8 000000c3320fe198
0x000000c3320fe1f0:   000000c3320fe210 000000c3320fe268
0x000000c3320fe200:   000001e8da5c9645 0000000000000000
0x000000c3320fe210:   00000000eae89a28 00000000eab938a8
0x000000c3320fe220:   000000c3320fe220 000001e8e5a480bd
0x000000c3320fe230:   000000c3320fe2e0 000001e8e5a4b4e8
0x000000c3320fe240:   0000000000000000 00000000eae86b18
0x000000c3320fe250:   000001e8e5a47f10 000000c3320fe210
0x000000c3320fe260:   000000c3320fe2d8 000000c3320fe330
0x000000c3320fe270:   000001e8da5c94ec 0000000000000000
0x000000c3320fe280:   0000000000000000 0000000000000000
0x000000c3320fe290:   0000000000000043 000000000000008b
0x000000c3320fe2a0:   0000000000000b19 00000000eae89a28 

Instructions: (pc=0x000001e8d325879e)
0x000001e8d325869e:   02 89 be cc 00 00 00 81 e7 fe 07 00 00 83 ff 00
0x000001e8d32586ae:   0f 84 82 01 00 00 48 8b f2 48 bf 90 6e b1 e5 e8
0x000001e8d32586be:   01 00 00 48 83 87 10 01 00 00 01 48 be 30 b4 9f
0x000001e8d32586ce:   e5 e8 01 00 00 8b be cc 00 00 00 83 c7 02 89 be
0x000001e8d32586de:   cc 00 00 00 81 e7 fe ff 1f 00 83 ff 00 0f 84 66
0x000001e8d32586ee:   01 00 00 8b 52 0c 48 3b 02 48 8b f2 48 bf 30 b4
0x000001e8d32586fe:   9f e5 e8 01 00 00 8b 76 08 48 c1 e6 03 48 3b b7
0x000001e8d325870e:   20 01 00 00 75 0d 48 83 87 28 01 00 00 01 e9 66
0x000001e8d325871e:   00 00 00 48 3b b7 30 01 00 00 75 0d 48 83 87 38
0x000001e8d325872e:   01 00 00 01 e9 50 00 00 00 48 81 bf 20 01 00 00
0x000001e8d325873e:   00 00 00 00 75 17 48 89 b7 20 01 00 00 48 c7 87
0x000001e8d325874e:   28 01 00 00 01 00 00 00 e9 2c 00 00 00 48 81 bf
0x000001e8d325875e:   30 01 00 00 00 00 00 00 75 17 48 89 b7 30 01 00
0x000001e8d325876e:   00 48 c7 87 38 01 00 00 01 00 00 00 e9 08 00 00
0x000001e8d325877e:   00 48 83 87 10 01 00 00 01 66 0f 1f 44 00 00 48
0x000001e8d325878e:   b8 28 84 06 00 01 00 00 00 e8 04 c8 96 07 87 f8
0x000001e8d325879e:   00 48 ba 30 b4 9f e5 e8 01 00 00 48 be 58 01 00
0x000001e8d32587ae:   00 00 00 00 00 0f 8c 0a 00 00 00 48 be 48 01 00
0x000001e8d32587be:   00 00 00 00 00 48 8b 3c 32 48 8d 7f 01 48 89 3c
0x000001e8d32587ce:   32 0f 8c 1c 00 00 00 0f be c0 c1 e0 18 c1 f8 18
0x000001e8d32587de:   48 83 c4 40 5d 49 3b a7 50 03 00 00 0f 87 8d 00
0x000001e8d32587ee:   00 00 c3 0f 1f 80 00 00 00 00 e9 a5 00 00 00 00
0x000001e8d32587fe:   00 00 00 00 e9 a5 00 00 00 48 8b d0 48 be 30 b4
0x000001e8d325880e:   9f e5 e8 01 00 00 48 83 86 68 01 00 00 01 48 8b
0x000001e8d325881e:   d0 48 89 44 24 28 66 66 90 e8 54 88 3b 07 48 8b
0x000001e8d325882e:   44 24 28 e9 a2 00 00 00 49 ba e0 65 9f e5 e8 01
0x000001e8d325883e:   00 00 4c 89 54 24 08 48 c7 04 24 ff ff ff ff e8
0x000001e8d325884e:   2e fd 45 07 e9 5d fe ff ff 49 ba 88 66 9f e5 e8
0x000001e8d325885e:   01 00 00 4c 89 54 24 08 48 c7 04 24 ff ff ff ff
0x000001e8d325886e:   e8 0d fd 45 07 e9 79 fe ff ff e8 23 a0 45 07 49
0x000001e8d325887e:   ba e3 87 25 d3 e8 01 00 00 4d 89 97 68 03 00 00
0x000001e8d325888e:   e9 6d ee 3b 07 48 ba 00 00 00 00 00 00 00 00 b8 


Stack slot to memory mapping:
stack at sp + 0 slots: 0x00000000ec403f18 is an oop: java.lang.Class 
{0x00000000ec403f18} - klass: 'java/lang/Class'
 - ---- fields (total size 15 words):
 - private volatile transient 'classRedefinedCount' 'I' @12  0
 - private volatile transient 'cachedConstructor' 'Ljava/lang/reflect/Constructor;' @40  NULL (0)
 - private transient 'name' 'Ljava/lang/String;' @44  "org.osgi.framework.Version"{0x00000000ec5e8750} (ec5e8750)
 - private transient 'module' 'Ljava/lang/Module;' @48  a 'java/lang/Module'{0x00000000ec404738} (ec404738)
 - private final 'classLoader' 'Ljava/lang/ClassLoader;' @52  a 'org/eclipse/equinox/launcher/Main$StartupClassLoader'{0x00000000ec4046d0} (ec4046d0)
 - private transient 'classData' 'Ljava/lang/Object;' @56  NULL (0)
 - private transient 'packageName' 'Ljava/lang/String;' @60  "org.osgi.framework"{0x00000000ec5cbd00} (ec5cbd00)
 - private final 'componentType' 'Ljava/lang/Class;' @64  NULL (0)
 - private volatile transient 'reflectionData' 'Ljava/lang/ref/SoftReference;' @68  NULL (0)
 - private volatile transient 'genericInfo' 'Lsun/reflect/generics/repository/ClassRepository;' @72  NULL (0)
 - private volatile transient 'enumConstants' '[Ljava/lang/Object;' @76  NULL (0)
 - private volatile transient 'enumConstantDirectory' 'Ljava/util/Map;' @80  NULL (0)
 - private volatile transient 'annotationData' 'Ljava/lang/Class$AnnotationData;' @84  NULL (0)
 - private volatile transient 'annotationType' 'Lsun/reflect/annotation/AnnotationType;' @88  NULL (0)
 - transient 'classValueMap' 'Ljava/lang/ClassValue$ClassValueMap;' @92  NULL (0)
 - signature: Lorg/osgi/framework/Version;
 - fake entry for mirror: 'org/osgi/framework/Version'
 - fake entry for array: NULL
 - fake entry for oop_size: 15
 - fake entry for static_oop_field_count: 2
 - private static final 'SEPARATOR' 'Ljava/lang/String;' @112  "."{0x00000000c0001f68} (c0001f68)
 - public static final 'emptyVersion' 'Lorg/osgi/framework/Version;' @116  a 'org/osgi/framework/Version'{0x00000000ec5e8798} (ec5e8798)
stack at sp + 1 slots: {method} {0x000001e8e58509b0} '<init>' '(IIILjava/lang/String;)V' in 'org/osgi/framework/Version'
stack at sp + 2 slots: 0x0 is NULL
stack at sp + 3 slots: 0x000000c3320fe0e0 is pointing into the stack for thread: 0x000001e8cec00320
stack at sp + 4 slots: 0x000000c3320fe158 is pointing into the stack for thread: 0x000001e8cec00320
stack at sp + 5 slots: 0x000001e8da5c94ec is at code_begin+1100 in an Interpreter codelet
return entry points  [0x000001e8da5c90a0, 0x000001e8da5c9b80]  2784 bytes
stack at sp + 6 slots: 0x00000000eae95c08 is an oop: java.lang.String 
{0x00000000eae95c08} - klass: 'java/lang/String'
 - string: "20240125-1714"
stack at sp + 7 slots: 0x00000000000000c9 is an unknown value


Compiled method (c1)     957 1054       3       java.io.DataInputStream::readByte (6 bytes)
 total in heap  [0x000001e8d3258490,0x000001e8d3258a58] = 1480
 relocation     [0x000001e8d32585e8,0x000001e8d3258648] = 96
 main code      [0x000001e8d3258660,0x000001e8d3258900] = 672
 stub code      [0x000001e8d3258900,0x000001e8d3258958] = 88
 metadata       [0x000001e8d3258958,0x000001e8d3258970] = 24
 scopes data    [0x000001e8d3258970,0x000001e8d32589b0] = 64
 scopes pcs     [0x000001e8d32589b0,0x000001e8d3258a40] = 144
 dependencies   [0x000001e8d3258a40,0x000001e8d3258a48] = 8
 nul chk table  [0x000001e8d3258a48,0x000001e8d3258a58] = 16

[Constant Pool (empty)]

[MachCode]
[Entry Point]
  # {method} {0x000001e8e59f65e8} 'readByte' '()B' in 'java/io/DataInputStream'
  #           [sp+0x50]  (sp of caller)
  0x000001e8d3258660: 448b 5208 | 49c1 e203 

  0x000001e8d3258668: ;   {runtime_call ic_miss_stub}
  0x000001e8d3258668: 4c3b d00f | 850f 873b | 070f 1f84 | 0000 0000 | 000f 1f80 | 0000 0000 
[Verified Entry Point]
  0x000001e8d3258680: 8984 2400 | 90ff ff55 | 4883 ec40 

  0x000001e8d325868c: ;   {metadata(method data for {method} {0x000001e8e59f65e8} 'readByte' '()B' in 'java/io/DataInputStream')}
  0x000001e8d325868c: 48be 906e | b1e5 e801 | 0000 8bbe | cc00 0000 | 83c7 0289 | becc 0000 | 0081 e7fe | 0700 0083 
  0x000001e8d32586ac: ff00 0f84 | 8201 0000 

  0x000001e8d32586b4: ;   {metadata(method data for {method} {0x000001e8e59f65e8} 'readByte' '()B' in 'java/io/DataInputStream')}
  0x000001e8d32586b4: 488b f248 | bf90 6eb1 | e5e8 0100 | 0048 8387 | 1001 0000 

  0x000001e8d32586c8: ;   {metadata(method data for {method} {0x000001e8e59f6690} 'readUnsignedByte' '()I' in 'java/io/DataInputStream')}
  0x000001e8d32586c8: 0148 be30 | b49f e5e8 | 0100 008b | becc 0000 | 0083 c702 | 89be cc00 | 0000 81e7 | feff 1f00 
  0x000001e8d32586e8: 83ff 000f | 8466 0100 | 008b 520c 

  0x000001e8d32586f4: ; implicit exception: dispatches to 0x000001e8d3258878
  0x000001e8d32586f4: 483b 0248 

  0x000001e8d32586f8: ;   {metadata(method data for {method} {0x000001e8e59f6690} 'readUnsignedByte' '()I' in 'java/io/DataInputStream')}
  0x000001e8d32586f8: 8bf2 48bf | 30b4 9fe5 | e801 0000 | 8b76 0848 | c1e6 0348 | 3bb7 2001 | 0000 750d | 4883 8728 
  0x000001e8d3258718: 0100 0001 | e966 0000 | 0048 3bb7 | 3001 0000 | 750d 4883 | 8738 0100 | 0001 e950 | 0000 0048 
  0x000001e8d3258738: 81bf 2001 | 0000 0000 | 0000 7517 | 4889 b720 | 0100 0048 | c787 2801 | 0000 0100 | 0000 e92c 
  0x000001e8d3258758: 0000 0048 | 81bf 3001 | 0000 0000 | 0000 7517 | 4889 b730 | 0100 0048 | c787 3801 | 0000 0100 
  0x000001e8d3258778: 0000 e908 | 0000 0048 | 8387 1001 | 0000 0166 | 0f1f 4400 | 0048 b828 | 8406 0001 

  0x000001e8d3258794: ;   {virtual_call}
  0x000001e8d3258794: 0000 00e8 

  0x000001e8d3258798: ; ImmutableOopMap {}
                      ;*invokevirtual read {reexecute=0 rethrow=0 return_oop=0}
                      ; - java.io.DataInputStream::readUnsignedByte@4
                      ; - java.io.DataInputStream::readByte@1
  0x000001e8d3258798: 04c8 9607 

  0x000001e8d325879c: ;   {metadata(method data for {method} {0x000001e8e59f6690} 'readUnsignedByte' '()I' in 'java/io/DataInputStream')}
  0x000001e8d325879c: 87f8 0048 | ba30 b49f | e5e8 0100 | 0048 be58 | 0100 0000 | 0000 000f | 8c0a 0000 | 0048 be48 
  0x000001e8d32587bc: 0100 0000 | 0000 0048 | 8b3c 3248 | 8d7f 0148 | 893c 320f | 8c1c 0000 | 000f bec0 | c1e0 18c1 
  0x000001e8d32587dc: f818 4883 

  0x000001e8d32587e0: ;   {poll_return}
  0x000001e8d32587e0: c440 5d49 | 3ba7 5003 | 0000 0f87 | 8d00 0000 | c30f 1f80 | 0000 0000 

  0x000001e8d32587f8: ;   {no_reloc}
  0x000001e8d32587f8: e9a5 0000 | 0000 0000 | 0000 e9a5 | 0000 0048 

  0x000001e8d3258808: ;   {metadata(method data for {method} {0x000001e8e59f6690} 'readUnsignedByte' '()I' in 'java/io/DataInputStream')}
  0x000001e8d3258808: 8bd0 48be | 30b4 9fe5 | e801 0000 | 4883 8668 | 0100 0001 | 488b d048 | 8944 2428 

  0x000001e8d3258824: ;   {optimized virtual_call}
  0x000001e8d3258824: 6666 90e8 

  0x000001e8d3258828: ; ImmutableOopMap {[40]=Oop }
                      ;*invokespecial <init> {reexecute=0 rethrow=0 return_oop=0}
                      ; - java.io.DataInputStream::readUnsignedByte@16
                      ; - java.io.DataInputStream::readByte@1
  0x000001e8d3258828: 5488 3b07 | 488b 4424 | 28e9 a200 

  0x000001e8d3258834: ;   {metadata({method} {0x000001e8e59f65e8} 'readByte' '()B' in 'java/io/DataInputStream')}
  0x000001e8d3258834: 0000 49ba | e065 9fe5 | e801 0000 | 4c89 5424 | 0848 c704 | 24ff ffff 

  0x000001e8d325884c: ;   {runtime_call counter_overflow Runtime1 stub}
  0x000001e8d325884c: ffe8 2efd 

  0x000001e8d3258850: ; ImmutableOopMap {rdx=Oop }
                      ;*synchronization entry
                      ; - java.io.DataInputStream::readByte@-1
  0x000001e8d3258850: 4507 e95d 

  0x000001e8d3258854: ;   {metadata({method} {0x000001e8e59f6690} 'readUnsignedByte' '()I' in 'java/io/DataInputStream')}
  0x000001e8d3258854: feff ff49 | ba88 669f | e5e8 0100 | 004c 8954 | 2408 48c7 | 0424 ffff 

  0x000001e8d325886c: ;   {runtime_call counter_overflow Runtime1 stub}
  0x000001e8d325886c: ffff e80d 

  0x000001e8d3258870: ; ImmutableOopMap {rdx=Oop }
                      ;*synchronization entry
                      ; - java.io.DataInputStream::readUnsignedByte@-1
                      ; - java.io.DataInputStream::readByte@1
  0x000001e8d3258870: fd45 07e9 | 79fe ffff 

  0x000001e8d3258878: ;   {runtime_call throw_null_pointer_exception Runtime1 stub}
  0x000001e8d3258878: e823 a045 

  0x000001e8d325887c: ; ImmutableOopMap {rdx=Oop }
                      ;*invokevirtual read {reexecute=0 rethrow=0 return_oop=0}
                      ; - java.io.DataInputStream::readUnsignedByte@4
                      ; - java.io.DataInputStream::readByte@1
                      ;   {internal_word}
  0x000001e8d325887c: 0749 bae3 | 8725 d3e8 | 0100 004d | 8997 6803 

  0x000001e8d325888c: ;   {runtime_call SafepointBlob}
  0x000001e8d325888c: 0000 e96d 

  0x000001e8d3258890: ;   {metadata(NULL)}
  0x000001e8d3258890: ee3b 0748 | ba00 0000 | 0000 0000 | 00b8 000f 

  0x000001e8d32588a0: ;   {runtime_call load_klass_patching Runtime1 stub}
  0x000001e8d32588a0: 050a e859 

  0x000001e8d32588a4: ; ImmutableOopMap {}
                      ;*new {reexecute=1 rethrow=0 return_oop=0}
                      ; - (reexecute) java.io.DataInputStream::readUnsignedByte@12
                      ; - java.io.DataInputStream::readByte@1
  0x000001e8d32588a4: ec45 07e9 | 4cff ffff 

  0x000001e8d32588ac: ;   {runtime_call new_instance Runtime1 stub}
  0x000001e8d32588ac: 488b d2e8 

  0x000001e8d32588b0: ; ImmutableOopMap {}
                      ;*new {reexecute=0 rethrow=0 return_oop=0}
                      ; - java.io.DataInputStream::readUnsignedByte@12
                      ; - java.io.DataInputStream::readByte@1
  0x000001e8d32588b0: cca5 4507 | e94e ffff | ff90 9049 | 8b87 e003 | 0000 49c7 | 87e0 0300 | 0000 0000 | 0049 c787 
  0x000001e8d32588d0: e803 0000 | 0000 0000 | 4883 c440 

  0x000001e8d32588dc: ;   {runtime_call unwind_exception Runtime1 stub}
  0x000001e8d32588dc: 5de9 1ec0 | 3c07 f4f4 | f4f4 f4f4 | f4f4 f4f4 | f4f4 f4f4 | f4f4 f4f4 | f4f4 f4f4 | f4f4 f4f4 
  0x000001e8d32588fc: f4f4 f4f4 
[Stub Code]
  0x000001e8d3258900: ;   {no_reloc}
  0x000001e8d3258900: 0f1f 4400 

  0x000001e8d3258904: ;   {static_stub}
  0x000001e8d3258904: 0048 bb00 | 0000 0000 

  0x000001e8d325890c: ;   {runtime_call}
  0x000001e8d325890c: 0000 00e9 | fbff ffff 

  0x000001e8d3258914: ;   {static_stub}
  0x000001e8d3258914: 9048 bb00 | 0000 0000 

  0x000001e8d325891c: ;   {runtime_call}
  0x000001e8d325891c: 0000 00e9 | fbff ffff 
[Exception Handler]
  0x000001e8d3258924: ;   {runtime_call handle_exception_from_callee Runtime1 stub}
  0x000001e8d3258924: e857 c945 

  0x000001e8d3258928: ;   {external_word}
  0x000001e8d3258928: 0748 b940 | 9a94 22fc | 7f00 0048 

  0x000001e8d3258934: ;   {runtime_call}
  0x000001e8d3258934: 83e4 f049 | ba60 2d5d | 22fc 7f00 | 0041 ffd2 

  0x000001e8d3258944: ;   {section_word}
  0x000001e8d3258944: f449 ba45 | 8925 d3e8 | 0100 0041 

  0x000001e8d3258950: ;   {runtime_call DeoptimizationBlob}
  0x000001e8d3258950: 52e9 4ae0 | 3b07 f4f4 
[/MachCode]


---------------  P R O C E S S  ---------------

Threads class SMR info:
_java_thread_list=0x000001e8eb0d72c0, length=14, elements={
0x000001e8cec00320, 0x000001e8e49f9480, 0x000001e8e49fa9e0, 0x000001e8cecbd630,
0x000001e8cecbe2b0, 0x000001e8e9d38f30, 0x000001e8e9d39800, 0x000001e8e9d3a400,
0x000001e8e9d3e300, 0x000001e8e9d3ed00, 0x000001e8e9e35f70, 0x000001e8e48dc0d0,
0x000001e8ea06d110, 0x000001e8ead93b50
}

Java Threads: ( => current thread )
=>0x000001e8cec00320 JavaThread "main" [_thread_in_Java, id=11372, stack(0x000000c332000000,0x000000c332100000)]
  0x000001e8e49f9480 JavaThread "Reference Handler" daemon [_thread_blocked, id=9156, stack(0x000000c332300000,0x000000c332400000)]
  0x000001e8e49fa9e0 JavaThread "Finalizer" daemon [_thread_blocked, id=3856, stack(0x000000c332400000,0x000000c332500000)]
  0x000001e8cecbd630 JavaThread "Signal Dispatcher" daemon [_thread_blocked, id=6892, stack(0x000000c332500000,0x000000c332600000)]
  0x000001e8cecbe2b0 JavaThread "Attach Listener" daemon [_thread_blocked, id=1520, stack(0x000000c332600000,0x000000c332700000)]
  0x000001e8e9d38f30 JavaThread "Service Thread" daemon [_thread_blocked, id=11728, stack(0x000000c332700000,0x000000c332800000)]
  0x000001e8e9d39800 JavaThread "Monitor Deflation Thread" daemon [_thread_blocked, id=5280, stack(0x000000c332800000,0x000000c332900000)]
  0x000001e8e9d3a400 JavaThread "C2 CompilerThread0" daemon [_thread_blocked, id=11204, stack(0x000000c332900000,0x000000c332a00000)]
  0x000001e8e9d3e300 JavaThread "C1 CompilerThread0" daemon [_thread_blocked, id=5124, stack(0x000000c332a00000,0x000000c332b00000)]
  0x000001e8e9d3ed00 JavaThread "Sweeper thread" daemon [_thread_blocked, id=13132, stack(0x000000c332b00000,0x000000c332c00000)]
  0x000001e8e9e35f70 JavaThread "Common-Cleaner" daemon [_thread_blocked, id=13156, stack(0x000000c332c00000,0x000000c332d00000)]
  0x000001e8e48dc0d0 JavaThread "C2 CompilerThread1" daemon [_thread_blocked, id=8500, stack(0x000000c332d00000,0x000000c332e00000)]
  0x000001e8ea06d110 JavaThread "Notification Thread" daemon [_thread_blocked, id=11604, stack(0x000000c332e00000,0x000000c332f00000)]
  0x000001e8ead93b50 JavaThread "C2 CompilerThread2" daemon [_thread_blocked, id=7452, stack(0x000000c333000000,0x000000c333100000)]

Other Threads:
  0x000001e8cecb7a70 VMThread "VM Thread" [stack: 0x000000c332200000,0x000000c332300000] [id=9228]
  0x000001e8ea06d5f0 WatcherThread [stack: 0x000000c332f00000,0x000000c333000000] [id=9116]
  0x000001e8cec15a20 GCTaskThread "GC Thread#0" [stack: 0x000000c332100000,0x000000c332200000] [id=12328]
  0x000001e8eb468320 GCTaskThread "GC Thread#1" [stack: 0x000000c333100000,0x000000c333200000] [id=11724]
  0x000001e8eb3268a0 GCTaskThread "GC Thread#2" [stack: 0x000000c333200000,0x000000c333300000] [id=5752]
  0x000001e8eb2c5040 GCTaskThread "GC Thread#3" [stack: 0x000000c333300000,0x000000c333400000] [id=5236]
  0x000001e8eb2c5300 GCTaskThread "GC Thread#4" [stack: 0x000000c333400000,0x000000c333500000] [id=512]
  0x000001e8eb255c70 GCTaskThread "GC Thread#5" [stack: 0x000000c333500000,0x000000c333600000] [id=9680]
  0x000001e8eb255f30 GCTaskThread "GC Thread#6" [stack: 0x000000c333600000,0x000000c333700000] [id=10888]

Threads with active compile tasks:

VM state: not at safepoint (normal execution)

VM Mutex/Monitor currently owned by a thread: None

Heap address: 0x00000000c0000000, size: 1024 MB, Compressed Oops mode: 32-bit

CDS archive(s) not mapped
Compressed class space mapped at: 0x0000000100000000-0x0000000140000000, reserved size: 1073741824
Narrow klass base: 0x0000000000000000, Narrow klass shift: 3, Narrow klass range: 0x140000000

GC Precious Log:
 CPUs: 8 total, 8 available
 Memory: 10153M
 Large Page Support: Disabled
 NUMA Support: Disabled
 Compressed Oops: Enabled (32-bit)
 Alignments: Space 512K, Generation 512K, Heap 2M
 Heap Min Capacity: 100M
 Heap Initial Capacity: 100M
 Heap Max Capacity: 1G
 Pre-touch: Disabled
 Parallel Workers: 8

Heap:
 PSYoungGen      total 29696K, used 7463K [0x00000000eab00000, 0x00000000ecc00000, 0x0000000100000000)
  eden space 25600K, 16% used [0x00000000eab00000,0x00000000eaf3a6c8,0x00000000ec400000)
  from space 4096K, 76% used [0x00000000ec400000,0x00000000ec70f710,0x00000000ec800000)
  to   space 4096K, 0% used [0x00000000ec800000,0x00000000ec800000,0x00000000ecc00000)
 ParOldGen       total 68608K, used 16K [0x00000000c0000000, 0x00000000c4300000, 0x00000000eab00000)
  object space 68608K, 0% used [0x00000000c0000000,0x00000000c0004000,0x00000000c4300000)
 Metaspace       used 11796K, committed 11904K, reserved 1114112K
  class space    used 1168K, committed 1216K, reserved 1048576K

Card table byte_map: [0x000001e8e2270000,0x000001e8e2480000] _byte_map_base: 0x000001e8e1c70000

Marking Bits: (ParMarkBitMap*) 0x00007ffc22bbd7d0
 Begin Bits: [0x000001e8e25e0000, 0x000001e8e35e0000)
 End Bits:   [0x000001e8e35e0000, 0x000001e8e45e0000)

Polling page: 0x000001e8cecc0000

Metaspace:

Usage:
  Non-class:     10.38 MB used.
      Class:      1.14 MB used.
       Both:     11.52 MB used.

Virtual space:
  Non-class space:       64.00 MB reserved,      10.44 MB ( 16%) committed,  1 nodes.
      Class space:        1.00 GB reserved,       1.19 MB ( <1%) committed,  1 nodes.
             Both:        1.06 GB reserved,      11.62 MB (  1%) committed. 

Chunk freelists:
   Non-Class:  4.69 MB
       Class:  14.64 MB
        Both:  19.33 MB

MaxMetaspaceSize: unlimited
CompressedClassSpaceSize: 1.00 GB
Initial GC threshold: 21.00 MB
Current GC threshold: 21.00 MB
CDS: off
MetaspaceReclaimPolicy: balanced
 - commit_granule_bytes: 65536.
 - commit_granule_words: 8192.
 - virtual_space_node_default_size: 8388608.
 - enlarge_chunks_in_place: 1.
 - new_chunks_are_fully_committed: 0.
 - uncommit_free_chunks: 1.
 - use_allocation_guard: 0.
 - handle_deallocations: 1.


Internal statistics:

num_allocs_failed_limit: 0.
num_arena_births: 30.
num_arena_deaths: 0.
num_vsnodes_births: 2.
num_vsnodes_deaths: 0.
num_space_committed: 186.
num_space_uncommitted: 0.
num_chunks_returned_to_freelist: 0.
num_chunks_taken_from_freelist: 126.
num_chunk_merges: 0.
num_chunk_splits: 84.
num_chunks_enlarged: 73.
num_inconsistent_stats: 0.

CodeHeap 'non-profiled nmethods': size=120000Kb used=423Kb max_used=423Kb free=119576Kb
 bounds [0x000001e8dab60000, 0x000001e8dadd0000, 0x000001e8e2090000]
CodeHeap 'profiled nmethods': size=120000Kb used=1829Kb max_used=1829Kb free=118170Kb
 bounds [0x000001e8d3090000, 0x000001e8d3300000, 0x000001e8da5c0000]
CodeHeap 'non-nmethods': size=5760Kb used=1145Kb max_used=1166Kb free=4614Kb
 bounds [0x000001e8da5c0000, 0x000001e8da830000, 0x000001e8dab60000]
 total_blobs=1494 nmethods=1056 adapters=353
 compilation: enabled
              stopped_count=0, restarted_count=0
 full_count=0

Compilation events (20 events):
Event: 0.915 Thread 0x000001e8e9d3e300 1046       3       java.net.URLStreamHandler::toExternalForm (156 bytes)
Event: 0.917 Thread 0x000001e8e9d3e300 nmethod 1046 0x000001e8d3250090 code [0x000001e8d32504a0, 0x000001e8d3251c18]
Event: 0.919 Thread 0x000001e8e9d3e300 1047       3       sun.net.www.protocol.jar.Handler::checkNestedProtocol (18 bytes)
Event: 0.919 Thread 0x000001e8e9d3e300 nmethod 1047 0x000001e8d3252410 code [0x000001e8d32525c0, 0x000001e8d32527a8]
Event: 0.920 Thread 0x000001e8e9d3e300 1048   !   3       java.util.jar.JarVerifier::processEntry (440 bytes)
Event: 0.921 Thread 0x000001e8ead93b50 1051       4       java.util.ArrayList::add (25 bytes)
Event: 0.921 Thread 0x000001e8e48dc0d0 1052       4       java.io.DataInputStream::readUTF (501 bytes)
Event: 0.921 Thread 0x000001e8e9d3a400 1056  s    4       java.io.BufferedInputStream::read (49 bytes)
Event: 0.923 Thread 0x000001e8e9d3e300 nmethod 1048 0x000001e8d3252890 code [0x000001e8d3252d60, 0x000001e8d3255408]
Event: 0.923 Thread 0x000001e8e9d3e300 1049       3       java.io.DataInputStream::readInt (68 bytes)
Event: 0.924 Thread 0x000001e8e9d3e300 nmethod 1049 0x000001e8d3256710 code [0x000001e8d3256900, 0x000001e8d3256de8]
Event: 0.924 Thread 0x000001e8e9d3e300 1053       3       org.eclipse.osgi.container.ModuleDatabase$Persistence::readString0 (98 bytes)
Event: 0.924 Thread 0x000001e8e9d3a400 nmethod 1056 0x000001e8dabc4e10 code [0x000001e8dabc4fa0, 0x000001e8dabc5368]
Event: 0.925 Thread 0x000001e8e9d3e300 nmethod 1053 0x000001e8d3256f90 code [0x000001e8d3257220, 0x000001e8d3257c88]
Event: 0.925 Thread 0x000001e8e9d3a400 1057       4       java.lang.String::<init> (14 bytes)
Event: 0.925 Thread 0x000001e8e9d3e300 1050       3       org.eclipse.osgi.container.ModuleDatabase$Persistence::readIndexedString (18 bytes)
Event: 0.925 Thread 0x000001e8e9d3e300 nmethod 1050 0x000001e8d3258010 code [0x000001e8d32581c0, 0x000001e8d3258368]
Event: 0.925 Thread 0x000001e8e9d3e300 1054       3       java.io.DataInputStream::readByte (6 bytes)
Event: 0.925 Thread 0x000001e8e9d3e300 nmethod 1054 0x000001e8d3258490 code [0x000001e8d3258660, 0x000001e8d3258958]
Event: 0.925 Thread 0x000001e8e9d3e300 1055       3       org.eclipse.osgi.container.ModuleDatabase$Persistence::addToReadTable (70 bytes)

GC Heap History (2 events):
Event: 0.843 GC heap before
{Heap before GC invocations=1 (full 0):
 PSYoungGen      total 29696K, used 25600K [0x00000000eab00000, 0x00000000ecc00000, 0x0000000100000000)
  eden space 25600K, 100% used [0x00000000eab00000,0x00000000ec400000,0x00000000ec400000)
  from space 4096K, 0% used [0x00000000ec800000,0x00000000ec800000,0x00000000ecc00000)
  to   space 4096K, 0% used [0x00000000ec400000,0x00000000ec400000,0x00000000ec800000)
 ParOldGen       total 68608K, used 0K [0x00000000c0000000, 0x00000000c4300000, 0x00000000eab00000)
  object space 68608K, 0% used [0x00000000c0000000,0x00000000c0000000,0x00000000c4300000)
 Metaspace       used 11001K, committed 11200K, reserved 1114112K
  class space    used 1098K, committed 1216K, reserved 1048576K
}
Event: 0.848 GC heap after
{Heap after GC invocations=1 (full 0):
 PSYoungGen      total 29696K, used 3133K [0x00000000eab00000, 0x00000000ecc00000, 0x0000000100000000)
  eden space 25600K, 0% used [0x00000000eab00000,0x00000000eab00000,0x00000000ec400000)
  from space 4096K, 76% used [0x00000000ec400000,0x00000000ec70f710,0x00000000ec800000)
  to   space 4096K, 0% used [0x00000000ec800000,0x00000000ec800000,0x00000000ecc00000)
 ParOldGen       total 68608K, used 16K [0x00000000c0000000, 0x00000000c4300000, 0x00000000eab00000)
  object space 68608K, 0% used [0x00000000c0000000,0x00000000c0004000,0x00000000c4300000)
 Metaspace       used 11001K, committed 11200K, reserved 1114112K
  class space    used 1098K, committed 1216K, reserved 1048576K
}

Dll operation events (8 events):
Event: 0.010 Loaded shared library c:\Users\Toby\.vscode\extensions\redhat.java-1.30.0-win32-x64\jre\17.0.10-win32-x86_64\bin\java.dll
Event: 0.162 Loaded shared library c:\Users\Toby\.vscode\extensions\redhat.java-1.30.0-win32-x64\jre\17.0.10-win32-x86_64\bin\zip.dll
Event: 0.165 Loaded shared library C:\Users\Toby\.vscode\extensions\redhat.java-1.30.0-win32-x64\jre\17.0.10-win32-x86_64\bin\instrument.dll
Event: 0.179 Loaded shared library C:\Users\Toby\.vscode\extensions\redhat.java-1.30.0-win32-x64\jre\17.0.10-win32-x86_64\bin\net.dll
Event: 0.182 Loaded shared library C:\Users\Toby\.vscode\extensions\redhat.java-1.30.0-win32-x64\jre\17.0.10-win32-x86_64\bin\nio.dll
Event: 0.189 Loaded shared library C:\Users\Toby\.vscode\extensions\redhat.java-1.30.0-win32-x64\jre\17.0.10-win32-x86_64\bin\zip.dll
Event: 0.206 Loaded shared library C:\Users\Toby\.vscode\extensions\redhat.java-1.30.0-win32-x64\jre\17.0.10-win32-x86_64\bin\jimage.dll
Event: 0.271 Loaded shared library c:\Users\Toby\.vscode\extensions\redhat.java-1.30.0-win32-x64\jre\17.0.10-win32-x86_64\bin\verify.dll

Deoptimization events (20 events):
Event: 0.793 Thread 0x000001e8cec00320 DEOPT PACKING pc=0x000001e8daba1e00 sp=0x000000c3320fe120
Event: 0.793 Thread 0x000001e8cec00320 DEOPT UNPACKING pc=0x000001e8da6166a3 sp=0x000000c3320fe068 mode 2
Event: 0.793 Thread 0x000001e8cec00320 Uncommon trap: trap_request=0xffffff45 fr.pc=0x000001e8dabad3e0 relative=0x0000000000000240
Event: 0.793 Thread 0x000001e8cec00320 Uncommon trap: reason=unstable_if action=reinterpret pc=0x000001e8dabad3e0 method=java.util.HashMap.hash(Ljava/lang/Object;)I @ 1 c2
Event: 0.793 Thread 0x000001e8cec00320 DEOPT PACKING pc=0x000001e8dabad3e0 sp=0x000000c3320fe0d0
Event: 0.793 Thread 0x000001e8cec00320 DEOPT UNPACKING pc=0x000001e8da6166a3 sp=0x000000c3320fdf68 mode 2
Event: 0.793 Thread 0x000001e8cec00320 Uncommon trap: trap_request=0xffffff45 fr.pc=0x000001e8dabacd68 relative=0x0000000000000248
Event: 0.793 Thread 0x000001e8cec00320 Uncommon trap: reason=unstable_if action=reinterpret pc=0x000001e8dabacd68 method=java.util.HashMap.hash(Ljava/lang/Object;)I @ 1 c2
Event: 0.793 Thread 0x000001e8cec00320 DEOPT PACKING pc=0x000001e8dabacd68 sp=0x000000c3320fe170
Event: 0.793 Thread 0x000001e8cec00320 DEOPT UNPACKING pc=0x000001e8da6166a3 sp=0x000000c3320fe078 mode 2
Event: 0.793 Thread 0x000001e8cec00320 Uncommon trap: trap_request=0xffffffde fr.pc=0x000001e8daba1e00 relative=0x0000000000000520
Event: 0.793 Thread 0x000001e8cec00320 Uncommon trap: reason=class_check action=maybe_recompile pc=0x000001e8daba1e00 method=java.util.Collections$UnmodifiableCollection$1.<init>(Ljava/util/Collections$UnmodifiableCollection;)V @ 17 c2
Event: 0.793 Thread 0x000001e8cec00320 DEOPT PACKING pc=0x000001e8daba1e00 sp=0x000000c3320fe120
Event: 0.793 Thread 0x000001e8cec00320 DEOPT UNPACKING pc=0x000001e8da6166a3 sp=0x000000c3320fe068 mode 2
Event: 0.793 Thread 0x000001e8cec00320 Uncommon trap: trap_request=0xffffff45 fr.pc=0x000001e8daba4714 relative=0x0000000000000094
Event: 0.793 Thread 0x000001e8cec00320 Uncommon trap: reason=unstable_if action=reinterpret pc=0x000001e8daba4714 method=java.util.HashMap.hash(Ljava/lang/Object;)I @ 1 c2
Event: 0.793 Thread 0x000001e8cec00320 DEOPT PACKING pc=0x000001e8daba4714 sp=0x000000c3320fdfd0
Event: 0.793 Thread 0x000001e8cec00320 DEOPT UNPACKING pc=0x000001e8da6166a3 sp=0x000000c3320fdf68 mode 2
Event: 0.808 Thread 0x000001e8cec00320 DEOPT PACKING pc=0x000001e8d30dafa2 sp=0x000000c3320fd0c0
Event: 0.808 Thread 0x000001e8cec00320 DEOPT UNPACKING pc=0x000001e8da616e43 sp=0x000000c3320fc520 mode 0

Classes unloaded (0 events):
No events

Classes redefined (0 events):
No events

Internal exceptions (20 events):
Event: 0.584 Thread 0x000001e8cec00320 Exception <a 'java/io/FileNotFoundException'{0x00000000eb87d9a8}> (0x00000000eb87d9a8) 
thrown [s\src\hotspot\share\prims\jni.cpp, line 516]
Event: 0.585 Thread 0x000001e8cec00320 Exception <a 'java/io/FileNotFoundException'{0x00000000eb87e6d0}> (0x00000000eb87e6d0) 
thrown [s\src\hotspot\share\prims\jni.cpp, line 516]
Event: 0.585 Thread 0x000001e8cec00320 Exception <a 'java/io/FileNotFoundException'{0x00000000eb87f3c8}> (0x00000000eb87f3c8) 
thrown [s\src\hotspot\share\prims\jni.cpp, line 516]
Event: 0.588 Thread 0x000001e8cec00320 Implicit null exception at 0x000001e8dab83772 to 0x000001e8dab83c90
Event: 0.594 Thread 0x000001e8cec00320 Exception <a 'java/io/FileNotFoundException'{0x00000000eb8b9f10}> (0x00000000eb8b9f10) 
thrown [s\src\hotspot\share\prims\jni.cpp, line 516]
Event: 0.754 Thread 0x000001e8cec00320 Exception <a 'java/lang/ClassNotFoundException'{0x00000000ec0c1fb8}: sun/net/www/protocol/c/Handler> (0x00000000ec0c1fb8) 
thrown [s\src\hotspot\share\classfile\systemDictionary.cpp, line 256]
Event: 0.754 Thread 0x000001e8cec00320 Exception <a 'java/lang/ClassNotFoundException'{0x00000000ec0c3328}: sun/net/www/protocol/c/Handler> (0x00000000ec0c3328) 
thrown [s\src\hotspot\share\classfile\systemDictionary.cpp, line 256]
Event: 0.755 Thread 0x000001e8cec00320 Exception <a 'java/lang/ClassNotFoundException'{0x00000000ec0c44f0}: sun/net/www/protocol/c/Handler> (0x00000000ec0c44f0) 
thrown [s\src\hotspot\share\classfile\systemDictionary.cpp, line 256]
Event: 0.764 Thread 0x000001e8cec00320 Exception <a 'java/io/FileNotFoundException'{0x00000000ec0ec3d0}> (0x00000000ec0ec3d0) 
thrown [s\src\hotspot\share\prims\jni.cpp, line 516]
Event: 0.793 Thread 0x000001e8cec00320 Implicit null exception at 0x000001e8daba4a3b to 0x000001e8daba5354
Event: 0.793 Thread 0x000001e8cec00320 Implicit null exception at 0x000001e8dabad1ec to 0x000001e8dabad3c8
Event: 0.793 Thread 0x000001e8cec00320 Implicit null exception at 0x000001e8dabacb6c to 0x000001e8dabacd50
Event: 0.793 Thread 0x000001e8cec00320 Implicit null exception at 0x000001e8daba468f to 0x000001e8daba4705
Event: 0.834 Thread 0x000001e8cec00320 Exception <a 'java/lang/NoSuchMethodError'{0x00000000ec3c23a0}: 'int java.lang.invoke.DirectMethodHandle$Holder.invokeStaticInit(java.lang.Object, java.lang.Object, java.lang.Object, java.lang.Object)'> (0x00000000ec3c23a0) 
thrown [s\src\hotspot\share\interpreter\linkResolver.cpp, line 759]
Event: 0.835 Thread 0x000001e8cec00320 Exception <a 'java/lang/NoSuchMethodError'{0x00000000ec3cca10}: 'java.lang.Object java.lang.invoke.DirectMethodHandle$Holder.invokeInterface(java.lang.Object, java.lang.Object)'> (0x00000000ec3cca10) 
thrown [s\src\hotspot\share\interpreter\linkResolver.cpp, line 759]
Event: 0.835 Thread 0x000001e8cec00320 Exception <a 'java/lang/IncompatibleClassChangeError'{0x00000000ec3d0208}: Found class java.lang.Object, but interface was expected> (0x00000000ec3d0208) 
thrown [s\src\hotspot\share\interpreter\linkResolver.cpp, line 826]
Event: 0.836 Thread 0x000001e8cec00320 Exception <a 'java/lang/NoSuchMethodError'{0x00000000ec3d46f8}: 'void java.lang.invoke.DirectMethodHandle$Holder.invokeStatic(java.lang.Object, java.lang.Object)'> (0x00000000ec3d46f8) 
thrown [s\src\hotspot\share\interpreter\linkResolver.cpp, line 759]
Event: 0.836 Thread 0x000001e8cec00320 Exception <a 'java/lang/NoSuchMethodError'{0x00000000ec3d7ef8}: 'void java.lang.invoke.DirectMethodHandle$Holder.invokeStaticInit(java.lang.Object, java.lang.Object)'> (0x00000000ec3d7ef8) 
thrown [s\src\hotspot\share\interpreter\linkResolver.cpp, line 759]
Event: 0.837 Thread 0x000001e8cec00320 Exception <a 'java/lang/NoSuchMethodError'{0x00000000ec3df308}: 'int java.lang.invoke.DirectMethodHandle$Holder.invokeStaticInit(java.lang.Object, java.lang.Object)'> (0x00000000ec3df308) 
thrown [s\src\hotspot\share\interpreter\linkResolver.cpp, line 759]
Event: 0.885 Thread 0x000001e8cec00320 Exception <a 'java/lang/NoSuchMethodError'{0x00000000eac69dc8}: 'void java.lang.invoke.DirectMethodHandle$Holder.invokeSpecial(java.lang.Object, java.lang.Object, java.lang.Object)'> (0x00000000eac69dc8) 
thrown [s\src\hotspot\share\interpreter\linkResolver.cpp, line 759]

VM Operations (10 events):
Event: 0.143 Executing VM operation: HandshakeAllThreads
Event: 0.143 Executing VM operation: HandshakeAllThreads done
Event: 0.559 Executing VM operation: HandshakeAllThreads
Event: 0.559 Executing VM operation: HandshakeAllThreads done
Event: 0.574 Executing VM operation: HandshakeAllThreads
Event: 0.574 Executing VM operation: HandshakeAllThreads done
Event: 0.759 Executing VM operation: ICBufferFull
Event: 0.759 Executing VM operation: ICBufferFull done
Event: 0.843 Executing VM operation: ParallelGCFailedAllocation
Event: 0.848 Executing VM operation: ParallelGCFailedAllocation done

Events (20 events):
Event: 0.904 loading class java/util/AbstractQueue done
Event: 0.904 loading class java/util/concurrent/SynchronousQueue done
Event: 0.904 loading class java/util/concurrent/SynchronousQueue$TransferStack
Event: 0.904 loading class java/util/concurrent/SynchronousQueue$Transferer
Event: 0.904 loading class java/util/concurrent/SynchronousQueue$Transferer done
Event: 0.904 loading class java/util/concurrent/SynchronousQueue$TransferStack done
Event: 0.904 loading class java/util/concurrent/SynchronousQueue$TransferStack$SNode
Event: 0.905 loading class java/util/concurrent/ForkJoinPool$ManagedBlocker
Event: 0.905 loading class java/util/concurrent/ForkJoinPool$ManagedBlocker done
Event: 0.905 loading class java/util/concurrent/SynchronousQueue$TransferStack$SNode done
Event: 0.905 loading class java/util/concurrent/RejectedExecutionHandler
Event: 0.905 loading class java/util/concurrent/RejectedExecutionHandler done
Event: 0.905 loading class java/util/concurrent/LinkedBlockingQueue
Event: 0.906 loading class java/util/concurrent/LinkedBlockingQueue done
Event: 0.906 loading class java/util/concurrent/LinkedBlockingQueue$Node
Event: 0.906 loading class java/util/concurrent/LinkedBlockingQueue$Node done
Event: 0.915 loading class java/util/concurrent/Semaphore$NonfairSync
Event: 0.915 loading class java/util/concurrent/Semaphore$Sync
Event: 0.915 loading class java/util/concurrent/Semaphore$Sync done
Event: 0.915 loading class java/util/concurrent/Semaphore$NonfairSync done


Dynamic libraries:
0x00007ff67c1b0000 - 0x00007ff67c1be000 	c:\Users\Toby\.vscode\extensions\redhat.java-1.30.0-win32-x64\jre\17.0.10-win32-x86_64\bin\java.exe
0x00007ffc6ce50000 - 0x00007ffc6d048000 	C:\WINDOWS\SYSTEM32\ntdll.dll
0x00007ffc6bda0000 - 0x00007ffc6be5d000 	C:\WINDOWS\System32\KERNEL32.DLL
0x00007ffc6aa30000 - 0x00007ffc6ad26000 	C:\WINDOWS\System32\KERNELBASE.dll
0x00007ffc6ad80000 - 0x00007ffc6ae80000 	C:\WINDOWS\System32\ucrtbase.dll
0x00007ffc63800000 - 0x00007ffc63817000 	c:\Users\Toby\.vscode\extensions\redhat.java-1.30.0-win32-x64\jre\17.0.10-win32-x86_64\bin\jli.dll
0x00007ffc6bbc0000 - 0x00007ffc6bd5f000 	C:\WINDOWS\System32\USER32.dll
0x00007ffc6a970000 - 0x00007ffc6a992000 	C:\WINDOWS\System32\win32u.dll
0x00007ffc6bd70000 - 0x00007ffc6bd9b000 	C:\WINDOWS\System32\GDI32.dll
0x00007ffc6a500000 - 0x00007ffc6a617000 	C:\WINDOWS\System32\gdi32full.dll
0x00007ffc6a8d0000 - 0x00007ffc6a96d000 	C:\WINDOWS\System32\msvcp_win.dll
0x00007ffc63920000 - 0x00007ffc6393b000 	c:\Users\Toby\.vscode\extensions\redhat.java-1.30.0-win32-x64\jre\17.0.10-win32-x86_64\bin\VCRUNTIME140.dll
0x00007ffc63b70000 - 0x00007ffc63e0a000 	C:\WINDOWS\WinSxS\amd64_microsoft.windows.common-controls_6595b64144ccf1df_6.0.19041.4355_none_60b8b9eb71f62e16\COMCTL32.dll
0x00007ffc6bf50000 - 0x00007ffc6bfee000 	C:\WINDOWS\System32\msvcrt.dll
0x00007ffc6bad0000 - 0x00007ffc6bb02000 	C:\WINDOWS\System32\IMM32.DLL
0x00007ffc65220000 - 0x00007ffc6522c000 	c:\Users\Toby\.vscode\extensions\redhat.java-1.30.0-win32-x64\jre\17.0.10-win32-x86_64\bin\vcruntime140_1.dll
0x00007ffc52830000 - 0x00007ffc528bd000 	c:\Users\Toby\.vscode\extensions\redhat.java-1.30.0-win32-x64\jre\17.0.10-win32-x86_64\bin\msvcp140.dll
0x00007ffc22020000 - 0x00007ffc22c82000 	c:\Users\Toby\.vscode\extensions\redhat.java-1.30.0-win32-x64\jre\17.0.10-win32-x86_64\bin\server\jvm.dll
0x00007ffc6cbd0000 - 0x00007ffc6cc80000 	C:\WINDOWS\System32\ADVAPI32.dll
0x00007ffc6bb20000 - 0x00007ffc6bbc0000 	C:\WINDOWS\System32\sechost.dll
0x00007ffc6b4b0000 - 0x00007ffc6b5d3000 	C:\WINDOWS\System32\RPCRT4.dll
0x00007ffc6a8a0000 - 0x00007ffc6a8c7000 	C:\WINDOWS\System32\bcrypt.dll
0x00007ffc6a350000 - 0x00007ffc6a39b000 	C:\WINDOWS\SYSTEM32\POWRPROF.dll
0x00007ffc638f0000 - 0x00007ffc638f9000 	C:\WINDOWS\SYSTEM32\WSOCK32.dll
0x00007ffc6cc80000 - 0x00007ffc6cceb000 	C:\WINDOWS\System32\WS2_32.dll
0x00007ffc61010000 - 0x00007ffc61037000 	C:\WINDOWS\SYSTEM32\WINMM.dll
0x00007ffc63300000 - 0x00007ffc6330a000 	C:\WINDOWS\SYSTEM32\VERSION.dll
0x00007ffc6a330000 - 0x00007ffc6a342000 	C:\WINDOWS\SYSTEM32\UMPDC.dll
0x00007ffc68380000 - 0x00007ffc68392000 	C:\WINDOWS\SYSTEM32\kernel.appcore.dll
0x00007ffc63720000 - 0x00007ffc6372a000 	c:\Users\Toby\.vscode\extensions\redhat.java-1.30.0-win32-x64\jre\17.0.10-win32-x86_64\bin\jimage.dll
0x00007ffc5e060000 - 0x00007ffc5e244000 	C:\WINDOWS\SYSTEM32\DBGHELP.DLL
0x00007ffc56f00000 - 0x00007ffc56f34000 	C:\WINDOWS\SYSTEM32\dbgcore.DLL
0x00007ffc6a9a0000 - 0x00007ffc6aa22000 	C:\WINDOWS\System32\bcryptPrimitives.dll
0x00007ffc63710000 - 0x00007ffc6371e000 	c:\Users\Toby\.vscode\extensions\redhat.java-1.30.0-win32-x64\jre\17.0.10-win32-x86_64\bin\instrument.dll
0x00007ffc54cf0000 - 0x00007ffc54d15000 	c:\Users\Toby\.vscode\extensions\redhat.java-1.30.0-win32-x64\jre\17.0.10-win32-x86_64\bin\java.dll
0x00007ffc5e570000 - 0x00007ffc5e588000 	c:\Users\Toby\.vscode\extensions\redhat.java-1.30.0-win32-x64\jre\17.0.10-win32-x86_64\bin\zip.dll
0x00007ffc6bff0000 - 0x00007ffc6c75b000 	C:\WINDOWS\System32\SHELL32.dll
0x00007ffc68580000 - 0x00007ffc68d1d000 	C:\WINDOWS\SYSTEM32\windows.storage.dll
0x00007ffc6aee0000 - 0x00007ffc6b233000 	C:\WINDOWS\System32\combase.dll
0x00007ffc69e50000 - 0x00007ffc69e7e000 	C:\WINDOWS\SYSTEM32\Wldp.dll
0x00007ffc6b980000 - 0x00007ffc6ba4d000 	C:\WINDOWS\System32\OLEAUT32.dll
0x00007ffc6b600000 - 0x00007ffc6b6ad000 	C:\WINDOWS\System32\SHCORE.dll
0x00007ffc6b450000 - 0x00007ffc6b4a5000 	C:\WINDOWS\System32\shlwapi.dll
0x00007ffc6a430000 - 0x00007ffc6a454000 	C:\WINDOWS\SYSTEM32\profapi.dll
0x00007ffc5e4d0000 - 0x00007ffc5e4e9000 	C:\Users\Toby\.vscode\extensions\redhat.java-1.30.0-win32-x64\jre\17.0.10-win32-x86_64\bin\net.dll
0x00007ffc61df0000 - 0x00007ffc61efa000 	C:\WINDOWS\SYSTEM32\WINHTTP.dll
0x00007ffc69bb0000 - 0x00007ffc69c1a000 	C:\WINDOWS\system32\mswsock.dll
0x00007ffc55c90000 - 0x00007ffc55ca6000 	C:\Users\Toby\.vscode\extensions\redhat.java-1.30.0-win32-x64\jre\17.0.10-win32-x86_64\bin\nio.dll
0x00007ffc63650000 - 0x00007ffc63660000 	c:\Users\Toby\.vscode\extensions\redhat.java-1.30.0-win32-x64\jre\17.0.10-win32-x86_64\bin\verify.dll

dbghelp: loaded successfully - version: 4.0.5 - missing functions: none
symbol engine: initialized successfully - sym options: 0x614 - pdb path: .;c:\Users\Toby\.vscode\extensions\redhat.java-1.30.0-win32-x64\jre\17.0.10-win32-x86_64\bin;C:\WINDOWS\SYSTEM32;C:\WINDOWS\WinSxS\amd64_microsoft.windows.common-controls_6595b64144ccf1df_6.0.19041.4355_none_60b8b9eb71f62e16;c:\Users\Toby\.vscode\extensions\redhat.java-1.30.0-win32-x64\jre\17.0.10-win32-x86_64\bin\server

VM Arguments:
jvm_args: --add-modules=ALL-SYSTEM --add-opens=java.base/java.util=ALL-UNNAMED --add-opens=java.base/java.lang=ALL-UNNAMED --add-opens=java.base/sun.nio.fs=ALL-UNNAMED -Declipse.application=org.eclipse.jdt.ls.core.id1 -Dosgi.bundles.defaultStartLevel=4 -Declipse.product=org.eclipse.jdt.ls.core.product -Djava.import.generatesMetadataFilesAtProjectRoot=false -DDetectVMInstallationsJob.disabled=true -Dfile.encoding=utf8 -XX:+UseParallelGC -XX:GCTimeRatio=4 -XX:AdaptiveSizePolicyWeight=90 -Dsun.zip.disableMemoryMapping=true -Xmx1G -Xms100m -Xlog:disable -javaagent:c:\Users\Toby\.vscode\extensions\redhat.java-1.30.0-win32-x64\lombok\lombok-1.18.32.jar -XX:+HeapDumpOnOutOfMemoryError -XX:HeapDumpPath=c:\Users\Toby\AppData\Roaming\Code\User\workspaceStorage\c8add763341c03047d13d90103686024\redhat.java -Daether.dependencyCollector.impl=bf 
java_command: c:\Users\Toby\.vscode\extensions\redhat.java-1.30.0-win32-x64\server\plugins\org.eclipse.equinox.launcher_1.6.800.v20240330-1250.jar -configuration c:\Users\Toby\AppData\Roaming\Code\User\globalStorage\redhat.java\1.30.0\config_win -data c:\Users\Toby\AppData\Roaming\Code\User\workspaceStorage\c8add763341c03047d13d90103686024\redhat.java\jdt_ws --pipe=\\.\pipe\lsp-2d417aed88dc5cd21e2ba4ef8d484b43-sock
java_class_path (initial): c:\Users\Toby\.vscode\extensions\redhat.java-1.30.0-win32-x64\server\plugins\org.eclipse.equinox.launcher_1.6.800.v20240330-1250.jar
Launcher Type: SUN_STANDARD

[Global flags]
    uintx AdaptiveSizePolicyWeight                 = 90                                        {product} {command line}
     intx CICompilerCount                          = 4                                         {product} {ergonomic}
    uintx GCTimeRatio                              = 4                                         {product} {command line}
     bool HeapDumpOnOutOfMemoryError               = true                                   {manageable} {command line}
    ccstr HeapDumpPath                             = c:\Users\Toby\AppData\Roaming\Code\User\workspaceStorage\c8add763341c03047d13d90103686024\redhat.java         {manageable} {command line}
   size_t InitialHeapSize                          = 104857600                                 {product} {command line}
   size_t MaxHeapSize                              = 1073741824                                {product} {command line}
   size_t MaxNewSize                               = 357564416                                 {product} {ergonomic}
   size_t MinHeapDeltaBytes                        = 524288                                    {product} {ergonomic}
   size_t MinHeapSize                              = 104857600                                 {product} {command line}
   size_t NewSize                                  = 34603008                                  {product} {ergonomic}
    uintx NonNMethodCodeHeapSize                   = 5839372                                {pd product} {ergonomic}
    uintx NonProfiledCodeHeapSize                  = 122909434                              {pd product} {ergonomic}
   size_t OldSize                                  = 70254592                                  {product} {ergonomic}
    uintx ProfiledCodeHeapSize                     = 122909434                              {pd product} {ergonomic}
    uintx ReservedCodeCacheSize                    = 251658240                              {pd product} {ergonomic}
     bool SegmentedCodeCache                       = true                                      {product} {ergonomic}
   size_t SoftMaxHeapSize                          = 1073741824                             {manageable} {ergonomic}
     bool UseCompressedClassPointers               = true                           {product lp64_product} {ergonomic}
     bool UseCompressedOops                        = true                           {product lp64_product} {ergonomic}
     bool UseLargePagesIndividualAllocation        = false                                  {pd product} {ergonomic}
     bool UseParallelGC                            = true                                      {product} {command line}

Logging:
Log output configuration:
 #0: stdout all=off uptime,level,tags
 #1: stderr all=off uptime,level,tags

Environment Variables:
PATH=C:\Program Files\Common Files\Oracle\Java\javapath;C:\ProgramData\Oracle\Java\javapath;C:\WINDOWS\system32;C:\WINDOWS;C:\WINDOWS\System32\Wbem;C:\WINDOWS\System32\WindowsPowerShell\v1.0\;C:\WINDOWS\System32\OpenSSH\;C:\Users\Toby\AppData\Local\Microsoft\WindowsApps;C:\Users\Toby\AppData\Local\Programs\Microsoft VS Code\bin
USERNAME=Toby
OS=Windows_NT
PROCESSOR_IDENTIFIER=AMD64 Family 23 Model 24 Stepping 1, AuthenticAMD
TMP=C:\Users\Toby\AppData\Local\Temp
TEMP=C:\Users\Toby\AppData\Local\Temp



Periodic native trim disabled


---------------  S Y S T E M  ---------------

OS:
 Windows 10 , 64 bit Build 19041 (10.0.19041.3636)
OS uptime: 1 days 23:33 hours

CPU: total 8 (initial active 8) (8 cores per cpu, 2 threads per core) family 23 model 24 stepping 1 microcode 0x0, cx8, cmov, fxsr, ht, mmx, 3dnowpref, sse, sse2, sse3, ssse3, sse4a, sse4.1, sse4.2, popcnt, lzcnt, tsc, tscinvbit, avx, avx2, aes, clmul, bmi1, bmi2, adx, sha, fma, vzeroupper, clflush, clflushopt
Processor Information for all 8 processors :
  Max Mhz: 2300, Current Mhz: 2300, Mhz Limit: 2300

Memory: 4k page, system-wide physical 10153M (5609M free)
TotalPageFile size 20393M (AvailPageFile size 14959M)
current process WorkingSet (physical memory assigned to process): 77M, peak: 78M
current process commit charge ("private bytes"): 200M, peak: 201M

vm_info: OpenJDK 64-Bit Server VM (17.0.10+7) for windows-amd64 JRE (17.0.10+7), built on Jan 16 2024 23:25:11 by "admin" with MS VC++ 16.10 / 16.11 (VS2019)

END.
